This file contains any messages produced by compilers while
running configure, to aid debugging if configure makes a mistake.

It was created by jailkit configure 2.14, which was
generated by GNU Autoconf 2.65.  Invocation command line was

  $ ./configure 

## --------- ##
## Platform. ##
## --------- ##

hostname = jesus-SVE14A1M6EB
uname -m = x86_64
uname -r = 3.2.0-23-generic
uname -s = Linux
uname -v = #36-Ubuntu SMP Tue Apr 10 20:39:51 UTC 2012

/usr/bin/uname -p = unknown
/bin/uname -X     = unknown

/bin/arch              = unknown
/usr/bin/arch -k       = unknown
/usr/convex/getsysinfo = unknown
/usr/bin/hostinfo      = unknown
/bin/machine           = unknown
/usr/bin/oslevel       = unknown
/bin/universe          = unknown

PATH: /usr/local/heroku/bin
PATH: /usr/local/sbin
PATH: /usr/local/bin
PATH: /usr/sbin
PATH: /usr/bin
PATH: /sbin
PATH: /bin
PATH: /usr/games


## ----------- ##
## Core tests. ##
## ----------- ##

configure:2096: config files will be in /etc/jailkit/
configure:2151: checking for gcc
configure:2167: found /usr/bin/gcc
configure:2178: result: gcc
configure:2407: checking for C compiler version
configure:2416: gcc --version >&5
gcc.real (Ubuntu/Linaro 4.6.3-1ubuntu5) 4.6.3
Copyright (C) 2011 Free Software Foundation, Inc.
This is free software; see the source for copying conditions.  There is NO
warranty; not even for MERCHANTABILITY or FITNESS FOR A PARTICULAR PURPOSE.

configure:2427: $? = 0
configure:2416: gcc -v >&5
Using built-in specs.
COLLECT_GCC=gcc.real
COLLECT_LTO_WRAPPER=/usr/lib/gcc/x86_64-linux-gnu/4.6/lto-wrapper
Target: x86_64-linux-gnu
Configured with: ../src/configure -v --with-pkgversion='Ubuntu/Linaro 4.6.3-1ubuntu5' --with-bugurl=file:///usr/share/doc/gcc-4.6/README.Bugs --enable-languages=c,c++,fortran,objc,obj-c++ --prefix=/usr --program-suffix=-4.6 --enable-shared --enable-linker-build-id --with-system-zlib --libexecdir=/usr/lib --without-included-gettext --enable-threads=posix --with-gxx-include-dir=/usr/include/c++/4.6 --libdir=/usr/lib --enable-nls --with-sysroot=/ --enable-clocale=gnu --enable-libstdcxx-debug --enable-libstdcxx-time=yes --enable-gnu-unique-object --enable-plugin --enable-objc-gc --disable-werror --with-arch-32=i686 --with-tune=generic --enable-checking=release --build=x86_64-linux-gnu --host=x86_64-linux-gnu --target=x86_64-linux-gnu
Thread model: posix
gcc version 4.6.3 (Ubuntu/Linaro 4.6.3-1ubuntu5) 
configure:2427: $? = 0
configure:2416: gcc -V >&5
gcc.real: error: unrecognized option '-V'
gcc.real: fatal error: no input files
compilation terminated.
configure:2427: $? = 4
configure:2416: gcc -qversion >&5
gcc.real: error: unrecognized option '-qversion'
gcc.real: fatal error: no input files
compilation terminated.
configure:2427: $? = 4
configure:2447: checking whether the C compiler works
configure:2469: gcc    conftest.c  >&5
configure:2473: $? = 0
configure:2522: result: yes
configure:2525: checking for C compiler default output file name
configure:2527: result: a.out
configure:2533: checking for suffix of executables
configure:2540: gcc -o conftest    conftest.c  >&5
configure:2544: $? = 0
configure:2566: result: 
configure:2588: checking whether we are cross compiling
configure:2596: gcc -o conftest    conftest.c  >&5
configure:2600: $? = 0
configure:2607: ./conftest
configure:2611: $? = 0
configure:2626: result: no
configure:2631: checking for suffix of object files
configure:2653: gcc -c   conftest.c >&5
configure:2657: $? = 0
configure:2678: result: o
configure:2682: checking whether we are using the GNU C compiler
configure:2701: gcc -c   conftest.c >&5
configure:2701: $? = 0
configure:2710: result: yes
configure:2719: checking whether gcc accepts -g
configure:2739: gcc -c -g  conftest.c >&5
configure:2739: $? = 0
configure:2780: result: yes
configure:2797: checking for gcc option to accept ISO C89
configure:2861: gcc  -c -g -O2  conftest.c >&5
configure:2861: $? = 0
configure:2874: result: none needed
configure:2900: checking how to run the C preprocessor
configure:2931: gcc -E  conftest.c
configure:2931: $? = 0
configure:2945: gcc -E  conftest.c
conftest.c:11:28: fatal error: ac_nonexistent.h: No such file or directory
compilation terminated.
configure:2945: $? = 1
configure: failed program was:
| /* confdefs.h */
| #define PACKAGE_NAME "jailkit"
| #define PACKAGE_TARNAME "jailkit"
| #define PACKAGE_VERSION "2.14"
| #define PACKAGE_STRING "jailkit 2.14"
| #define PACKAGE_BUGREPORT "https://savannah.nongnu.org/bugs/?group=jailkit"
| #define PACKAGE_URL ""
| #define PACKAGE "jailkit"
| #define VERSION "2.14"
| /* end confdefs.h.  */
| #include <ac_nonexistent.h>
configure:2970: result: gcc -E
configure:2990: gcc -E  conftest.c
configure:2990: $? = 0
configure:3004: gcc -E  conftest.c
conftest.c:11:28: fatal error: ac_nonexistent.h: No such file or directory
compilation terminated.
configure:3004: $? = 1
configure: failed program was:
| /* confdefs.h */
| #define PACKAGE_NAME "jailkit"
| #define PACKAGE_TARNAME "jailkit"
| #define PACKAGE_VERSION "2.14"
| #define PACKAGE_STRING "jailkit 2.14"
| #define PACKAGE_BUGREPORT "https://savannah.nongnu.org/bugs/?group=jailkit"
| #define PACKAGE_URL ""
| #define PACKAGE "jailkit"
| #define VERSION "2.14"
| /* end confdefs.h.  */
| #include <ac_nonexistent.h>
configure:3033: checking for grep that handles long lines and -e
configure:3091: result: /bin/grep
configure:3096: checking for egrep
configure:3158: result: /bin/grep -E
configure:3163: checking for ANSI C header files
configure:3183: gcc -c -g -O2  conftest.c >&5
configure:3183: $? = 0
configure:3256: gcc -o conftest -g -O2   conftest.c  >&5
configure:3256: $? = 0
configure:3256: ./conftest
configure:3256: $? = 0
configure:3267: result: yes
configure:3280: checking for sys/types.h
configure:3280: gcc -c -g -O2  conftest.c >&5
configure:3280: $? = 0
configure:3280: result: yes
configure:3280: checking for sys/stat.h
configure:3280: gcc -c -g -O2  conftest.c >&5
configure:3280: $? = 0
configure:3280: result: yes
configure:3280: checking for stdlib.h
configure:3280: gcc -c -g -O2  conftest.c >&5
configure:3280: $? = 0
configure:3280: result: yes
configure:3280: checking for string.h
configure:3280: gcc -c -g -O2  conftest.c >&5
configure:3280: $? = 0
configure:3280: result: yes
configure:3280: checking for memory.h
configure:3280: gcc -c -g -O2  conftest.c >&5
configure:3280: $? = 0
configure:3280: result: yes
configure:3280: checking for strings.h
configure:3280: gcc -c -g -O2  conftest.c >&5
configure:3280: $? = 0
configure:3280: result: yes
configure:3280: checking for inttypes.h
configure:3280: gcc -c -g -O2  conftest.c >&5
configure:3280: $? = 0
configure:3280: result: yes
configure:3280: checking for stdint.h
configure:3280: gcc -c -g -O2  conftest.c >&5
configure:3280: $? = 0
configure:3280: result: yes
configure:3280: checking for unistd.h
configure:3280: gcc -c -g -O2  conftest.c >&5
configure:3280: $? = 0
configure:3280: result: yes
configure:3294: checking minix/config.h usability
configure:3294: gcc -c -g -O2  conftest.c >&5
conftest.c:54:26: fatal error: minix/config.h: No such file or directory
compilation terminated.
configure:3294: $? = 1
configure: failed program was:
| /* confdefs.h */
| #define PACKAGE_NAME "jailkit"
| #define PACKAGE_TARNAME "jailkit"
| #define PACKAGE_VERSION "2.14"
| #define PACKAGE_STRING "jailkit 2.14"
| #define PACKAGE_BUGREPORT "https://savannah.nongnu.org/bugs/?group=jailkit"
| #define PACKAGE_URL ""
| #define PACKAGE "jailkit"
| #define VERSION "2.14"
| #define STDC_HEADERS 1
| #define HAVE_SYS_TYPES_H 1
| #define HAVE_SYS_STAT_H 1
| #define HAVE_STDLIB_H 1
| #define HAVE_STRING_H 1
| #define HAVE_MEMORY_H 1
| #define HAVE_STRINGS_H 1
| #define HAVE_INTTYPES_H 1
| #define HAVE_STDINT_H 1
| #define HAVE_UNISTD_H 1
| /* end confdefs.h.  */
| #include <stdio.h>
| #ifdef HAVE_SYS_TYPES_H
| # include <sys/types.h>
| #endif
| #ifdef HAVE_SYS_STAT_H
| # include <sys/stat.h>
| #endif
| #ifdef STDC_HEADERS
| # include <stdlib.h>
| # include <stddef.h>
| #else
| # ifdef HAVE_STDLIB_H
| #  include <stdlib.h>
| # endif
| #endif
| #ifdef HAVE_STRING_H
| # if !defined STDC_HEADERS && defined HAVE_MEMORY_H
| #  include <memory.h>
| # endif
| # include <string.h>
| #endif
| #ifdef HAVE_STRINGS_H
| # include <strings.h>
| #endif
| #ifdef HAVE_INTTYPES_H
| # include <inttypes.h>
| #endif
| #ifdef HAVE_STDINT_H
| # include <stdint.h>
| #endif
| #ifdef HAVE_UNISTD_H
| # include <unistd.h>
| #endif
| #include <minix/config.h>
configure:3294: result: no
configure:3294: checking minix/config.h presence
configure:3294: gcc -E  conftest.c
conftest.c:21:26: fatal error: minix/config.h: No such file or directory
compilation terminated.
configure:3294: $? = 1
configure: failed program was:
| /* confdefs.h */
| #define PACKAGE_NAME "jailkit"
| #define PACKAGE_TARNAME "jailkit"
| #define PACKAGE_VERSION "2.14"
| #define PACKAGE_STRING "jailkit 2.14"
| #define PACKAGE_BUGREPORT "https://savannah.nongnu.org/bugs/?group=jailkit"
| #define PACKAGE_URL ""
| #define PACKAGE "jailkit"
| #define VERSION "2.14"
| #define STDC_HEADERS 1
| #define HAVE_SYS_TYPES_H 1
| #define HAVE_SYS_STAT_H 1
| #define HAVE_STDLIB_H 1
| #define HAVE_STRING_H 1
| #define HAVE_MEMORY_H 1
| #define HAVE_STRINGS_H 1
| #define HAVE_INTTYPES_H 1
| #define HAVE_STDINT_H 1
| #define HAVE_UNISTD_H 1
| /* end confdefs.h.  */
| #include <minix/config.h>
configure:3294: result: no
configure:3294: checking for minix/config.h
configure:3294: result: no
configure:3315: checking whether it is safe to define __EXTENSIONS__
configure:3333: gcc -c -g -O2  conftest.c >&5
configure:3333: $? = 0
configure:3340: result: yes
configure:3404: checking for gcc
configure:3431: result: gcc
configure:3660: checking for C compiler version
configure:3669: gcc --version >&5
gcc.real (Ubuntu/Linaro 4.6.3-1ubuntu5) 4.6.3
Copyright (C) 2011 Free Software Foundation, Inc.
This is free software; see the source for copying conditions.  There is NO
warranty; not even for MERCHANTABILITY or FITNESS FOR A PARTICULAR PURPOSE.

configure:3680: $? = 0
configure:3669: gcc -v >&5
Using built-in specs.
COLLECT_GCC=gcc.real
COLLECT_LTO_WRAPPER=/usr/lib/gcc/x86_64-linux-gnu/4.6/lto-wrapper
Target: x86_64-linux-gnu
Configured with: ../src/configure -v --with-pkgversion='Ubuntu/Linaro 4.6.3-1ubuntu5' --with-bugurl=file:///usr/share/doc/gcc-4.6/README.Bugs --enable-languages=c,c++,fortran,objc,obj-c++ --prefix=/usr --program-suffix=-4.6 --enable-shared --enable-linker-build-id --with-system-zlib --libexecdir=/usr/lib --without-included-gettext --enable-threads=posix --with-gxx-include-dir=/usr/include/c++/4.6 --libdir=/usr/lib --enable-nls --with-sysroot=/ --enable-clocale=gnu --enable-libstdcxx-debug --enable-libstdcxx-time=yes --enable-gnu-unique-object --enable-plugin --enable-objc-gc --disable-werror --with-arch-32=i686 --with-tune=generic --enable-checking=release --build=x86_64-linux-gnu --host=x86_64-linux-gnu --target=x86_64-linux-gnu
Thread model: posix
gcc version 4.6.3 (Ubuntu/Linaro 4.6.3-1ubuntu5) 
configure:3680: $? = 0
configure:3669: gcc -V >&5
gcc.real: error: unrecognized option '-V'
gcc.real: fatal error: no input files
compilation terminated.
configure:3680: $? = 4
configure:3669: gcc -qversion >&5
gcc.real: error: unrecognized option '-qversion'
gcc.real: fatal error: no input files
compilation terminated.
configure:3680: $? = 4
configure:3684: checking whether we are using the GNU C compiler
configure:3712: result: yes
configure:3721: checking whether gcc accepts -g
configure:3782: result: yes
configure:3799: checking for gcc option to accept ISO C89
configure:3876: result: none needed
configure:3896: checking for library containing strerror
configure:3927: gcc -o conftest -g -O2   conftest.c  >&5
configure:3927: $? = 0
configure:3944: result: none required
configure:3952: checking for inline
configure:3968: gcc -c -g -O2  conftest.c >&5
configure:3968: $? = 0
configure:3976: result: inline
configure:4031: checking for a BSD-compatible install
configure:4099: result: /usr/bin/install -c
configure:4116: checking for ANSI C header files
configure:4220: result: yes
configure:4233: checking errno.h usability
configure:4233: gcc -c -g -O2 -Wall -pipe  conftest.c >&5
configure:4233: $? = 0
configure:4233: result: yes
configure:4233: checking errno.h presence
configure:4233: gcc -E  conftest.c
configure:4233: $? = 0
configure:4233: result: yes
configure:4233: checking for errno.h
configure:4233: result: yes
configure:4233: checking stdio.h usability
configure:4233: gcc -c -g -O2 -Wall -pipe  conftest.c >&5
configure:4233: $? = 0
configure:4233: result: yes
configure:4233: checking stdio.h presence
configure:4233: gcc -E  conftest.c
configure:4233: $? = 0
configure:4233: result: yes
configure:4233: checking for stdio.h
configure:4233: result: yes
configure:4233: checking ctype.h usability
configure:4233: gcc -c -g -O2 -Wall -pipe  conftest.c >&5
configure:4233: $? = 0
configure:4233: result: yes
configure:4233: checking ctype.h presence
configure:4233: gcc -E  conftest.c
configure:4233: $? = 0
configure:4233: result: yes
configure:4233: checking for ctype.h
configure:4233: result: yes
configure:4233: checking getopt.h usability
configure:4233: gcc -c -g -O2 -Wall -pipe  conftest.c >&5
configure:4233: $? = 0
configure:4233: result: yes
configure:4233: checking getopt.h presence
configure:4233: gcc -E  conftest.c
configure:4233: $? = 0
configure:4233: result: yes
configure:4233: checking for getopt.h
configure:4233: result: yes
configure:4233: checking math.h usability
configure:4233: gcc -c -g -O2 -Wall -pipe  conftest.c >&5
configure:4233: $? = 0
configure:4233: result: yes
configure:4233: checking math.h presence
configure:4233: gcc -E  conftest.c
configure:4233: $? = 0
configure:4233: result: yes
configure:4233: checking for math.h
configure:4233: result: yes
configure:4233: checking time.h usability
configure:4233: gcc -c -g -O2 -Wall -pipe  conftest.c >&5
configure:4233: $? = 0
configure:4233: result: yes
configure:4233: checking time.h presence
configure:4233: gcc -E  conftest.c
configure:4233: $? = 0
configure:4233: result: yes
configure:4233: checking for time.h
configure:4233: result: yes
configure:4233: checking sys/socket.h usability
configure:4233: gcc -c -g -O2 -Wall -pipe  conftest.c >&5
configure:4233: $? = 0
configure:4233: result: yes
configure:4233: checking sys/socket.h presence
configure:4233: gcc -E  conftest.c
configure:4233: $? = 0
configure:4233: result: yes
configure:4233: checking for sys/socket.h
configure:4233: result: yes
configure:4233: checking pthread.h usability
configure:4233: gcc -c -g -O2 -Wall -pipe  conftest.c >&5
configure:4233: $? = 0
configure:4233: result: yes
configure:4233: checking pthread.h presence
configure:4233: gcc -E  conftest.c
configure:4233: $? = 0
configure:4233: result: yes
configure:4233: checking for pthread.h
configure:4233: result: yes
configure:4233: checking pwd.h usability
configure:4233: gcc -c -g -O2 -Wall -pipe  conftest.c >&5
configure:4233: $? = 0
configure:4233: result: yes
configure:4233: checking pwd.h presence
configure:4233: gcc -E  conftest.c
configure:4233: $? = 0
configure:4233: result: yes
configure:4233: checking for pwd.h
configure:4233: result: yes
configure:4233: checking wordexp.h usability
configure:4233: gcc -c -g -O2 -Wall -pipe  conftest.c >&5
configure:4233: $? = 0
configure:4233: result: yes
configure:4233: checking wordexp.h presence
configure:4233: gcc -E  conftest.c
configure:4233: $? = 0
configure:4233: result: yes
configure:4233: checking for wordexp.h
configure:4233: result: yes
configure:4233: checking liberty.h usability
configure:4233: gcc -c -g -O2 -Wall -pipe  conftest.c >&5
conftest.c:70:21: fatal error: liberty.h: No such file or directory
compilation terminated.
configure:4233: $? = 1
configure: failed program was:
| /* confdefs.h */
| #define PACKAGE_NAME "jailkit"
| #define PACKAGE_TARNAME "jailkit"
| #define PACKAGE_VERSION "2.14"
| #define PACKAGE_STRING "jailkit 2.14"
| #define PACKAGE_BUGREPORT "https://savannah.nongnu.org/bugs/?group=jailkit"
| #define PACKAGE_URL ""
| #define PACKAGE "jailkit"
| #define VERSION "2.14"
| #define STDC_HEADERS 1
| #define HAVE_SYS_TYPES_H 1
| #define HAVE_SYS_STAT_H 1
| #define HAVE_STDLIB_H 1
| #define HAVE_STRING_H 1
| #define HAVE_MEMORY_H 1
| #define HAVE_STRINGS_H 1
| #define HAVE_INTTYPES_H 1
| #define HAVE_STDINT_H 1
| #define HAVE_UNISTD_H 1
| #define __EXTENSIONS__ 1
| #define _ALL_SOURCE 1
| #define _GNU_SOURCE 1
| #define _POSIX_PTHREAD_SEMANTICS 1
| #define _TANDEM_SOURCE 1
| #define STDC_HEADERS 1
| #define HAVE_ERRNO_H 1
| #define HAVE_STDIO_H 1
| #define HAVE_CTYPE_H 1
| #define HAVE_GETOPT_H 1
| #define HAVE_MATH_H 1
| #define HAVE_TIME_H 1
| #define HAVE_SYS_SOCKET_H 1
| #define HAVE_PTHREAD_H 1
| #define HAVE_PWD_H 1
| #define HAVE_WORDEXP_H 1
| /* end confdefs.h.  */
| #include <stdio.h>
| #ifdef HAVE_SYS_TYPES_H
| # include <sys/types.h>
| #endif
| #ifdef HAVE_SYS_STAT_H
| # include <sys/stat.h>
| #endif
| #ifdef STDC_HEADERS
| # include <stdlib.h>
| # include <stddef.h>
| #else
| # ifdef HAVE_STDLIB_H
| #  include <stdlib.h>
| # endif
| #endif
| #ifdef HAVE_STRING_H
| # if !defined STDC_HEADERS && defined HAVE_MEMORY_H
| #  include <memory.h>
| # endif
| # include <string.h>
| #endif
| #ifdef HAVE_STRINGS_H
| # include <strings.h>
| #endif
| #ifdef HAVE_INTTYPES_H
| # include <inttypes.h>
| #endif
| #ifdef HAVE_STDINT_H
| # include <stdint.h>
| #endif
| #ifdef HAVE_UNISTD_H
| # include <unistd.h>
| #endif
| #include <liberty.h>
configure:4233: result: no
configure:4233: checking liberty.h presence
configure:4233: gcc -E  conftest.c
conftest.c:37:21: fatal error: liberty.h: No such file or directory
compilation terminated.
configure:4233: $? = 1
configure: failed program was:
| /* confdefs.h */
| #define PACKAGE_NAME "jailkit"
| #define PACKAGE_TARNAME "jailkit"
| #define PACKAGE_VERSION "2.14"
| #define PACKAGE_STRING "jailkit 2.14"
| #define PACKAGE_BUGREPORT "https://savannah.nongnu.org/bugs/?group=jailkit"
| #define PACKAGE_URL ""
| #define PACKAGE "jailkit"
| #define VERSION "2.14"
| #define STDC_HEADERS 1
| #define HAVE_SYS_TYPES_H 1
| #define HAVE_SYS_STAT_H 1
| #define HAVE_STDLIB_H 1
| #define HAVE_STRING_H 1
| #define HAVE_MEMORY_H 1
| #define HAVE_STRINGS_H 1
| #define HAVE_INTTYPES_H 1
| #define HAVE_STDINT_H 1
| #define HAVE_UNISTD_H 1
| #define __EXTENSIONS__ 1
| #define _ALL_SOURCE 1
| #define _GNU_SOURCE 1
| #define _POSIX_PTHREAD_SEMANTICS 1
| #define _TANDEM_SOURCE 1
| #define STDC_HEADERS 1
| #define HAVE_ERRNO_H 1
| #define HAVE_STDIO_H 1
| #define HAVE_CTYPE_H 1
| #define HAVE_GETOPT_H 1
| #define HAVE_MATH_H 1
| #define HAVE_TIME_H 1
| #define HAVE_SYS_SOCKET_H 1
| #define HAVE_PTHREAD_H 1
| #define HAVE_PWD_H 1
| #define HAVE_WORDEXP_H 1
| /* end confdefs.h.  */
| #include <liberty.h>
configure:4233: result: no
configure:4233: checking for liberty.h
configure:4233: result: no
configure:4233: checking for strings.h
configure:4233: result: yes
configure:4248: checking for strnlen
configure:4248: gcc -o conftest -g -O2 -Wall -pipe   conftest.c  >&5
configure:4248: $? = 0
configure:4248: result: yes
configure:4248: checking for wordexp
configure:4248: gcc -o conftest -g -O2 -Wall -pipe   conftest.c  >&5
configure:4248: $? = 0
configure:4248: result: yes
configure:4248: checking for clearenv
configure:4248: gcc -o conftest -g -O2 -Wall -pipe   conftest.c  >&5
configure:4248: $? = 0
configure:4248: result: yes
configure:4248: checking for get_current_dir_name
configure:4248: gcc -o conftest -g -O2 -Wall -pipe   conftest.c  >&5
configure:4248: $? = 0
configure:4248: result: yes
configure:4261: checking for strndup
configure:4261: gcc -o conftest -g -O2 -Wall -pipe   conftest.c  >&5
conftest.c:65:6: warning: conflicting types for built-in function 'strndup' [enabled by default]
configure:4261: $? = 0
configure:4261: result: yes
configure:4320: checking for mempcpy
configure:4320: gcc -o conftest -g -O2 -Wall -pipe   conftest.c  >&5
conftest.c:66:6: warning: conflicting types for built-in function 'mempcpy' [enabled by default]
configure:4320: $? = 0
configure:4320: result: yes
configure:4379: checking for stpcpy
configure:4379: gcc -o conftest -g -O2 -Wall -pipe   conftest.c  >&5
conftest.c:67:6: warning: conflicting types for built-in function 'stpcpy' [enabled by default]
configure:4379: $? = 0
configure:4379: result: yes
configure:4436: checking for pthread_create in -lpthread
configure:4461: gcc -o conftest -g -O2 -Wall -pipe   conftest.c -lpthread   >&5
configure:4461: $? = 0
configure:4470: result: yes
configure:4535: checking for recvfrom
configure:4535: gcc -o conftest -g -O2 -Wall -pipe   conftest.c -lpthread  >&5
configure:4535: $? = 0
configure:4535: result: yes
configure:4593: checking for send
configure:4593: gcc -o conftest -g -O2 -Wall -pipe   conftest.c -lpthread  >&5
configure:4593: $? = 0
configure:4593: result: yes
configure:4653: checking for nanosleep
configure:4653: gcc -o conftest -g -O2 -Wall -pipe   conftest.c -lpthread  >&5
configure:4653: $? = 0
configure:4653: result: yes
configure:4764: checking for getopt_long
configure:4764: gcc -o conftest -g -O2 -Wall -pipe   conftest.c -lpthread  >&5
configure:4764: $? = 0
configure:4764: result: yes
configure:4872: checking sys/capability.h usability
configure:4872: gcc -c -g -O2 -Wall -pipe  conftest.c >&5
conftest.c:83:28: fatal error: sys/capability.h: No such file or directory
compilation terminated.
configure:4872: $? = 1
configure: failed program was:
| /* confdefs.h */
| #define PACKAGE_NAME "jailkit"
| #define PACKAGE_TARNAME "jailkit"
| #define PACKAGE_VERSION "2.14"
| #define PACKAGE_STRING "jailkit 2.14"
| #define PACKAGE_BUGREPORT "https://savannah.nongnu.org/bugs/?group=jailkit"
| #define PACKAGE_URL ""
| #define PACKAGE "jailkit"
| #define VERSION "2.14"
| #define STDC_HEADERS 1
| #define HAVE_SYS_TYPES_H 1
| #define HAVE_SYS_STAT_H 1
| #define HAVE_STDLIB_H 1
| #define HAVE_STRING_H 1
| #define HAVE_MEMORY_H 1
| #define HAVE_STRINGS_H 1
| #define HAVE_INTTYPES_H 1
| #define HAVE_STDINT_H 1
| #define HAVE_UNISTD_H 1
| #define __EXTENSIONS__ 1
| #define _ALL_SOURCE 1
| #define _GNU_SOURCE 1
| #define _POSIX_PTHREAD_SEMANTICS 1
| #define _TANDEM_SOURCE 1
| #define STDC_HEADERS 1
| #define HAVE_ERRNO_H 1
| #define HAVE_STDIO_H 1
| #define HAVE_CTYPE_H 1
| #define HAVE_GETOPT_H 1
| #define HAVE_MATH_H 1
| #define HAVE_TIME_H 1
| #define HAVE_SYS_SOCKET_H 1
| #define HAVE_PTHREAD_H 1
| #define HAVE_PWD_H 1
| #define HAVE_WORDEXP_H 1
| #define HAVE_STRINGS_H 1
| #define HAVE_STRNLEN 1
| #define HAVE_WORDEXP 1
| #define HAVE_CLEARENV 1
| #define HAVE_GET_CURRENT_DIR_NAME 1
| #define HAVE_STRNDUP 1
| #define HAVE_MEMPCPY 1
| #define HAVE_STPCPY 1
| #define HAVE_LIBPTHREAD 1
| #define HAVE_RECVFROM 1
| #define HAVE_SEND 1
| #define HAVE_NANOSLEEP 1
| #define HAVE_GETOPT_LONG 1
| /* end confdefs.h.  */
| #include <stdio.h>
| #ifdef HAVE_SYS_TYPES_H
| # include <sys/types.h>
| #endif
| #ifdef HAVE_SYS_STAT_H
| # include <sys/stat.h>
| #endif
| #ifdef STDC_HEADERS
| # include <stdlib.h>
| # include <stddef.h>
| #else
| # ifdef HAVE_STDLIB_H
| #  include <stdlib.h>
| # endif
| #endif
| #ifdef HAVE_STRING_H
| # if !defined STDC_HEADERS && defined HAVE_MEMORY_H
| #  include <memory.h>
| # endif
| # include <string.h>
| #endif
| #ifdef HAVE_STRINGS_H
| # include <strings.h>
| #endif
| #ifdef HAVE_INTTYPES_H
| # include <inttypes.h>
| #endif
| #ifdef HAVE_STDINT_H
| # include <stdint.h>
| #endif
| #ifdef HAVE_UNISTD_H
| # include <unistd.h>
| #endif
| #include <sys/capability.h>
configure:4872: result: no
configure:4872: checking sys/capability.h presence
configure:4872: gcc -E  conftest.c
conftest.c:50:28: fatal error: sys/capability.h: No such file or directory
compilation terminated.
configure:4872: $? = 1
configure: failed program was:
| /* confdefs.h */
| #define PACKAGE_NAME "jailkit"
| #define PACKAGE_TARNAME "jailkit"
| #define PACKAGE_VERSION "2.14"
| #define PACKAGE_STRING "jailkit 2.14"
| #define PACKAGE_BUGREPORT "https://savannah.nongnu.org/bugs/?group=jailkit"
| #define PACKAGE_URL ""
| #define PACKAGE "jailkit"
| #define VERSION "2.14"
| #define STDC_HEADERS 1
| #define HAVE_SYS_TYPES_H 1
| #define HAVE_SYS_STAT_H 1
| #define HAVE_STDLIB_H 1
| #define HAVE_STRING_H 1
| #define HAVE_MEMORY_H 1
| #define HAVE_STRINGS_H 1
| #define HAVE_INTTYPES_H 1
| #define HAVE_STDINT_H 1
| #define HAVE_UNISTD_H 1
| #define __EXTENSIONS__ 1
| #define _ALL_SOURCE 1
| #define _GNU_SOURCE 1
| #define _POSIX_PTHREAD_SEMANTICS 1
| #define _TANDEM_SOURCE 1
| #define STDC_HEADERS 1
| #define HAVE_ERRNO_H 1
| #define HAVE_STDIO_H 1
| #define HAVE_CTYPE_H 1
| #define HAVE_GETOPT_H 1
| #define HAVE_MATH_H 1
| #define HAVE_TIME_H 1
| #define HAVE_SYS_SOCKET_H 1
| #define HAVE_PTHREAD_H 1
| #define HAVE_PWD_H 1
| #define HAVE_WORDEXP_H 1
| #define HAVE_STRINGS_H 1
| #define HAVE_STRNLEN 1
| #define HAVE_WORDEXP 1
| #define HAVE_CLEARENV 1
| #define HAVE_GET_CURRENT_DIR_NAME 1
| #define HAVE_STRNDUP 1
| #define HAVE_MEMPCPY 1
| #define HAVE_STPCPY 1
| #define HAVE_LIBPTHREAD 1
| #define HAVE_RECVFROM 1
| #define HAVE_SEND 1
| #define HAVE_NANOSLEEP 1
| #define HAVE_GETOPT_LONG 1
| /* end confdefs.h.  */
| #include <sys/capability.h>
configure:4872: result: no
configure:4872: checking for sys/capability.h
configure:4872: result: no
configure:4885: checking for cap_get_proc
configure:4885: gcc -o conftest -g -O2 -Wall -pipe   conftest.c -lpthread  >&5
/tmp/ccSU46VB.o: In function `main':
/home/jesus/Escritorio/jailkit-2.14/conftest.c:84: undefined reference to `cap_get_proc'
collect2: ld returned 1 exit status
configure:4885: $? = 1
configure: failed program was:
| /* confdefs.h */
| #define PACKAGE_NAME "jailkit"
| #define PACKAGE_TARNAME "jailkit"
| #define PACKAGE_VERSION "2.14"
| #define PACKAGE_STRING "jailkit 2.14"
| #define PACKAGE_BUGREPORT "https://savannah.nongnu.org/bugs/?group=jailkit"
| #define PACKAGE_URL ""
| #define PACKAGE "jailkit"
| #define VERSION "2.14"
| #define STDC_HEADERS 1
| #define HAVE_SYS_TYPES_H 1
| #define HAVE_SYS_STAT_H 1
| #define HAVE_STDLIB_H 1
| #define HAVE_STRING_H 1
| #define HAVE_MEMORY_H 1
| #define HAVE_STRINGS_H 1
| #define HAVE_INTTYPES_H 1
| #define HAVE_STDINT_H 1
| #define HAVE_UNISTD_H 1
| #define __EXTENSIONS__ 1
| #define _ALL_SOURCE 1
| #define _GNU_SOURCE 1
| #define _POSIX_PTHREAD_SEMANTICS 1
| #define _TANDEM_SOURCE 1
| #define STDC_HEADERS 1
| #define HAVE_ERRNO_H 1
| #define HAVE_STDIO_H 1
| #define HAVE_CTYPE_H 1
| #define HAVE_GETOPT_H 1
| #define HAVE_MATH_H 1
| #define HAVE_TIME_H 1
| #define HAVE_SYS_SOCKET_H 1
| #define HAVE_PTHREAD_H 1
| #define HAVE_PWD_H 1
| #define HAVE_WORDEXP_H 1
| #define HAVE_STRINGS_H 1
| #define HAVE_STRNLEN 1
| #define HAVE_WORDEXP 1
| #define HAVE_CLEARENV 1
| #define HAVE_GET_CURRENT_DIR_NAME 1
| #define HAVE_STRNDUP 1
| #define HAVE_MEMPCPY 1
| #define HAVE_STPCPY 1
| #define HAVE_LIBPTHREAD 1
| #define HAVE_RECVFROM 1
| #define HAVE_SEND 1
| #define HAVE_NANOSLEEP 1
| #define HAVE_GETOPT_LONG 1
| /* end confdefs.h.  */
| /* Define cap_get_proc to an innocuous variant, in case <limits.h> declares cap_get_proc.
|    For example, HP-UX 11i <limits.h> declares gettimeofday.  */
| #define cap_get_proc innocuous_cap_get_proc
| 
| /* System header to define __stub macros and hopefully few prototypes,
|     which can conflict with char cap_get_proc (); below.
|     Prefer <limits.h> to <assert.h> if __STDC__ is defined, since
|     <limits.h> exists even on freestanding compilers.  */
| 
| #ifdef __STDC__
| # include <limits.h>
| #else
| # include <assert.h>
| #endif
| 
| #undef cap_get_proc
| 
| /* Override any GCC internal prototype to avoid an error.
|    Use char because int might match the return type of a GCC
|    builtin and then its argument prototype would still apply.  */
| #ifdef __cplusplus
| extern "C"
| #endif
| char cap_get_proc ();
| /* The GNU C library defines this for functions which it implements
|     to always fail with ENOSYS.  Some functions are actually named
|     something starting with __ and the normal name is an alias.  */
| #if defined __stub_cap_get_proc || defined __stub___cap_get_proc
| choke me
| #endif
| 
| int
| main ()
| {
| return cap_get_proc ();
|   ;
|   return 0;
| }
configure:4885: result: no
configure:4892: checking for cap_get_proc in -lcap
configure:4917: gcc -o conftest -g -O2 -Wall -pipe   conftest.c -lcap  -lpthread  >&5
/usr/bin/ld: cannot find -lcap
collect2: ld returned 1 exit status
configure:4917: $? = 1
configure: failed program was:
| /* confdefs.h */
| #define PACKAGE_NAME "jailkit"
| #define PACKAGE_TARNAME "jailkit"
| #define PACKAGE_VERSION "2.14"
| #define PACKAGE_STRING "jailkit 2.14"
| #define PACKAGE_BUGREPORT "https://savannah.nongnu.org/bugs/?group=jailkit"
| #define PACKAGE_URL ""
| #define PACKAGE "jailkit"
| #define VERSION "2.14"
| #define STDC_HEADERS 1
| #define HAVE_SYS_TYPES_H 1
| #define HAVE_SYS_STAT_H 1
| #define HAVE_STDLIB_H 1
| #define HAVE_STRING_H 1
| #define HAVE_MEMORY_H 1
| #define HAVE_STRINGS_H 1
| #define HAVE_INTTYPES_H 1
| #define HAVE_STDINT_H 1
| #define HAVE_UNISTD_H 1
| #define __EXTENSIONS__ 1
| #define _ALL_SOURCE 1
| #define _GNU_SOURCE 1
| #define _POSIX_PTHREAD_SEMANTICS 1
| #define _TANDEM_SOURCE 1
| #define STDC_HEADERS 1
| #define HAVE_ERRNO_H 1
| #define HAVE_STDIO_H 1
| #define HAVE_CTYPE_H 1
| #define HAVE_GETOPT_H 1
| #define HAVE_MATH_H 1
| #define HAVE_TIME_H 1
| #define HAVE_SYS_SOCKET_H 1
| #define HAVE_PTHREAD_H 1
| #define HAVE_PWD_H 1
| #define HAVE_WORDEXP_H 1
| #define HAVE_STRINGS_H 1
| #define HAVE_STRNLEN 1
| #define HAVE_WORDEXP 1
| #define HAVE_CLEARENV 1
| #define HAVE_GET_CURRENT_DIR_NAME 1
| #define HAVE_STRNDUP 1
| #define HAVE_MEMPCPY 1
| #define HAVE_STPCPY 1
| #define HAVE_LIBPTHREAD 1
| #define HAVE_RECVFROM 1
| #define HAVE_SEND 1
| #define HAVE_NANOSLEEP 1
| #define HAVE_GETOPT_LONG 1
| /* end confdefs.h.  */
| 
| /* Override any GCC internal prototype to avoid an error.
|    Use char because int might match the return type of a GCC
|    builtin and then its argument prototype would still apply.  */
| #ifdef __cplusplus
| extern "C"
| #endif
| char cap_get_proc ();
| int
| main ()
| {
| return cap_get_proc ();
|   ;
|   return 0;
| }
configure:4926: result: no
configure:4942: checking for python
configure:4960: found /usr/bin/python
configure:4973: result: /usr/bin/python
configure:4985: checking for up to date python
configure:4989: result: ok
configure:5000: checking for procmail
configure:5031: result: no
configure:5155: creating ./config.status

## ---------------------- ##
## Running config.status. ##
## ---------------------- ##

This file was extended by jailkit config.status 2.14, which was
generated by GNU Autoconf 2.65.  Invocation command line was

  CONFIG_FILES    = 
  CONFIG_HEADERS  = 
  CONFIG_LINKS    = 
  CONFIG_COMMANDS = 
  $ ./config.status 

on jesus-SVE14A1M6EB

config.status:843: creating Makefile
config.status:843: creating src/Makefile
config.status:843: creating py/Makefile
config.status:843: creating man/Makefile
config.status:843: creating src/config.h
config.status:1009: src/config.h is unchanged

## ---------------- ##
## Cache variables. ##
## ---------------- ##

ac_cv_c_compiler_gnu=yes
ac_cv_c_inline=inline
ac_cv_env_CC_set=
ac_cv_env_CC_value=
ac_cv_env_CFLAGS_set=
ac_cv_env_CFLAGS_value=
ac_cv_env_CPPFLAGS_set=
ac_cv_env_CPPFLAGS_value=
ac_cv_env_CPP_set=
ac_cv_env_CPP_value=
ac_cv_env_LDFLAGS_set=
ac_cv_env_LDFLAGS_value=
ac_cv_env_LIBS_set=
ac_cv_env_LIBS_value=
ac_cv_env_PROCMAILPATH_set=
ac_cv_env_PROCMAILPATH_value=
ac_cv_env_PYTHONINTERPRETER_set=
ac_cv_env_PYTHONINTERPRETER_value=
ac_cv_env_build_alias_set=
ac_cv_env_build_alias_value=
ac_cv_env_host_alias_set=
ac_cv_env_host_alias_value=
ac_cv_env_target_alias_set=
ac_cv_env_target_alias_value=
ac_cv_func_cap_get_proc=no
ac_cv_func_clearenv=yes
ac_cv_func_get_current_dir_name=yes
ac_cv_func_getopt_long=yes
ac_cv_func_mempcpy=yes
ac_cv_func_nanosleep=yes
ac_cv_func_recvfrom=yes
ac_cv_func_send=yes
ac_cv_func_stpcpy=yes
ac_cv_func_strndup=yes
ac_cv_func_strnlen=yes
ac_cv_func_wordexp=yes
ac_cv_header_ctype_h=yes
ac_cv_header_errno_h=yes
ac_cv_header_getopt_h=yes
ac_cv_header_inttypes_h=yes
ac_cv_header_liberty_h=no
ac_cv_header_math_h=yes
ac_cv_header_memory_h=yes
ac_cv_header_minix_config_h=no
ac_cv_header_pthread_h=yes
ac_cv_header_pwd_h=yes
ac_cv_header_stdc=yes
ac_cv_header_stdint_h=yes
ac_cv_header_stdio_h=yes
ac_cv_header_stdlib_h=yes
ac_cv_header_string_h=yes
ac_cv_header_strings_h=yes
ac_cv_header_sys_capability_h=no
ac_cv_header_sys_socket_h=yes
ac_cv_header_sys_stat_h=yes
ac_cv_header_sys_types_h=yes
ac_cv_header_time_h=yes
ac_cv_header_unistd_h=yes
ac_cv_header_wordexp_h=yes
ac_cv_lib_cap_cap_get_proc=no
ac_cv_lib_pthread_pthread_create=yes
ac_cv_objext=o
ac_cv_path_EGREP='/bin/grep -E'
ac_cv_path_GREP=/bin/grep
ac_cv_path_PROCMAILPATH=no
ac_cv_path_PYTHONINTERPRETER=/usr/bin/python
ac_cv_path_install='/usr/bin/install -c'
ac_cv_prog_CPP='gcc -E'
ac_cv_prog_ac_ct_CC=gcc
ac_cv_prog_cc_c89=
ac_cv_prog_cc_g=yes
ac_cv_safe_to_define___extensions__=yes
ac_cv_search_strerror='none required'

## ----------------- ##
## Output variables. ##
## ----------------- ##

CC='gcc'
CFLAGS='-g -O2 -Wall -pipe'
CPP='gcc -E'
CPPFLAGS=''
DEFS='-DHAVE_CONFIG_H'
ECHO_C=''
ECHO_N='-n'
ECHO_T=''
EGREP='/bin/grep -E'
EXEEXT=''
GREP='/bin/grep'
HAVEPROCMAIL_TRUE='#'
INSTALL_DATA='${INSTALL} -m 644'
INSTALL_PROGRAM='${INSTALL}'
INSTALL_SCRIPT='${INSTALL}'
LDFLAGS=''
LIBOBJS=''
LIBS='-lpthread '
LTLIBOBJS=''
OBJEXT='o'
PACKAGE='jailkit'
PACKAGE_BUGREPORT='https://savannah.nongnu.org/bugs/?group=jailkit'
PACKAGE_NAME='jailkit'
PACKAGE_STRING='jailkit 2.14'
PACKAGE_TARNAME='jailkit'
PACKAGE_URL=''
PACKAGE_VERSION='2.14'
PATH_SEPARATOR=':'
PROCMAILPATH='no'
PYTHONINTERPRETER='/usr/bin/python'
SHELL='/bin/bash'
VERSION='2.14'
ac_ct_CC='gcc'
bindir='${exec_prefix}/bin'
build_alias=''
datadir='${datarootdir}'
datarootdir='${prefix}/share'
docdir='${datarootdir}/doc/${PACKAGE_TARNAME}'
dvidir='${docdir}'
exec_prefix='${prefix}'
host_alias=''
htmldir='${docdir}'
includedir='${prefix}/include'
infodir='${datarootdir}/info'
libdir='${exec_prefix}/lib'
libexecdir='${exec_prefix}/libexec'
localedir='${datarootdir}/locale'
localstatedir='${prefix}/var'
mandir='${datarootdir}/man'
oldincludedir='/usr/include'
pdfdir='${docdir}'
prefix='/usr'
program_transform_name='s,x,x,'
psdir='${docdir}'
sbindir='${exec_prefix}/sbin'
sharedstatedir='${prefix}/com'
sysconfdir='/etc'
target_alias=''

## ----------- ##
## confdefs.h. ##
## ----------- ##

/* confdefs.h */
#define PACKAGE_NAME "jailkit"
#define PACKAGE_TARNAME "jailkit"
#define PACKAGE_VERSION "2.14"
#define PACKAGE_STRING "jailkit 2.14"
#define PACKAGE_BUGREPORT "https://savannah.nongnu.org/bugs/?group=jailkit"
#define PACKAGE_URL ""
#define PACKAGE "jailkit"
#define VERSION "2.14"
#define STDC_HEADERS 1
#define HAVE_SYS_TYPES_H 1
#define HAVE_SYS_STAT_H 1
#define HAVE_STDLIB_H 1
#define HAVE_STRING_H 1
#define HAVE_MEMORY_H 1
#define HAVE_STRINGS_H 1
#define HAVE_INTTYPES_H 1
#define HAVE_STDINT_H 1
#define HAVE_UNISTD_H 1
#define __EXTENSIONS__ 1
#define _ALL_SOURCE 1
#define _GNU_SOURCE 1
#define _POSIX_PTHREAD_SEMANTICS 1
#define _TANDEM_SOURCE 1
#define STDC_HEADERS 1
#define HAVE_ERRNO_H 1
#define HAVE_STDIO_H 1
#define HAVE_CTYPE_H 1
#define HAVE_GETOPT_H 1
#define HAVE_MATH_H 1
#define HAVE_TIME_H 1
#define HAVE_SYS_SOCKET_H 1
#define HAVE_PTHREAD_H 1
#define HAVE_PWD_H 1
#define HAVE_WORDEXP_H 1
#define HAVE_STRINGS_H 1
#define HAVE_STRNLEN 1
#define HAVE_WORDEXP 1
#define HAVE_CLEARENV 1
#define HAVE_GET_CURRENT_DIR_NAME 1
#define HAVE_STRNDUP 1
#define HAVE_MEMPCPY 1
#define HAVE_STPCPY 1
#define HAVE_LIBPTHREAD 1
#define HAVE_RECVFROM 1
#define HAVE_SEND 1
#define HAVE_NANOSLEEP 1
#define HAVE_GETOPT_LONG 1

configure: exit 0
